<?xml version="1.0" encoding="UTF-8"?>
<!-- Generated by org.testng.reporters.JUnitReportReporter -->
<testsuite skipped="0" hostname="DESKTOP-M5CHOVM" name="tests.TestMainPage" tests="1" failures="0" timestamp="14 Mar 2022 17:04:18 GMT" time="3.335" errors="0">
  <testcase name="verifyTitle_and_user_able_to_navigate_to_loginLink" time="3.335" classname="tests.TestMainPage"/>
</testsuite> <!-- tests.TestMainPage -->
