<?xml version="1.0" encoding="UTF-8"?>
<!-- Generated by org.testng.reporters.JUnitReportReporter -->
<testsuite skipped="0" hostname="DESKTOP-M5CHOVM" name="tests.TestLoginPage" tests="1" failures="0" timestamp="14 Mar 2022 17:04:18 GMT" time="1.291" errors="0">
  <testcase name="invalidUsernameAndPassword_LoginTest" time="1.291" classname="tests.TestLoginPage"/>
</testsuite> <!-- tests.TestLoginPage -->
